androidApp/build/intermediates/manifest_merge_blame_file/debug/processDebugMainManifest/manifest-merger-blame-debug-report.txt
1<?xml version="1.0" encoding="utf-8"?>
2<manifest xmlns:android="http://schemas.android.com/apk/res/android"
3    package="com.github.enteraname74.soulsearching.dev"
4    android:versionCode="36"
5    android:versionName="0.16.0-dev" >
6
7    <uses-sdk
7-->INJECTED
8        android:minSdkVersion="26"
8-->INJECTED
9        android:targetSdkVersion="36" />
9-->INJECTED
10
11    <uses-permission android:name="android.permission.POST_NOTIFICATIONS" />
11-->[:app] AndroidManifest.xml:8:5-77
11-->[:app] AndroidManifest.xml:8:22-74
12    <uses-permission android:name="android.permission.READ_MEDIA_AUDIO" />
12-->[:app] AndroidManifest.xml:9:5-75
12-->[:app] AndroidManifest.xml:9:22-72
13    <uses-permission android:name="android.permission.READ_EXTERNAL_STORAGE" />
13-->[:app] AndroidManifest.xml:10:5-80
13-->[:app] AndroidManifest.xml:10:22-77
14    <uses-permission android:name="android.permission.WRITE_EXTERNAL_STORAGE" />
14-->[:app] AndroidManifest.xml:11:5-81
14-->[:app] AndroidManifest.xml:11:22-78
15    <uses-permission android:name="android.permission.INTERNET" />
15-->[:app] AndroidManifest.xml:12:5-67
15-->[:app] AndroidManifest.xml:12:22-64
16    <uses-permission android:name="android.permission.ACCESS_NETWORK_STATE" />
16-->[:app] AndroidManifest.xml:13:5-79
16-->[:app] AndroidManifest.xml:13:22-76
17    <uses-permission android:name="android.permission.FOREGROUND_SERVICE_DATA_SYNC" />
17-->[:app] AndroidManifest.xml:14:5-87
17-->[:app] AndroidManifest.xml:14:22-84
18    <uses-permission android:name="android.permission.FOREGROUND_SERVICE" />
18-->[:playback] AndroidManifest.xml:8:5-77
18-->[:playback] AndroidManifest.xml:8:22-74
19    <uses-permission android:name="android.permission.FOREGROUND_SERVICE_MEDIA_PLAYBACK" />
19-->[:playback] AndroidManifest.xml:9:5-92
19-->[:playback] AndroidManifest.xml:9:22-89
20    <uses-permission android:name="android.permission.WAKE_LOCK" />
20-->[androidx.media3:media3-exoplayer:1.10.1] AndroidManifest.xml:23:5-68
20-->[androidx.media3:media3-exoplayer:1.10.1] AndroidManifest.xml:23:22-65
21    <uses-permission android:name="android.permission.RECEIVE_BOOT_COMPLETED" />
21-->[androidx.work:work-runtime:2.11.1] AndroidManifest.xml:25:5-81
21-->[androidx.work:work-runtime:2.11.1] AndroidManifest.xml:25:22-78
22
23    <permission
23-->[androidx.core:core:1.18.0] AndroidManifest.xml:22:5-24:47
24        android:name="com.github.enteraname74.soulsearching.dev.DYNAMIC_RECEIVER_NOT_EXPORTED_PERMISSION"
24-->[androidx.core:core:1.18.0] AndroidManifest.xml:23:9-81
25        android:protectionLevel="signature" />
25-->[androidx.core:core:1.18.0] AndroidManifest.xml:24:9-44
26
27    <uses-permission android:name="com.github.enteraname74.soulsearching.dev.DYNAMIC_RECEIVER_NOT_EXPORTED_PERMISSION" />
27-->[androidx.core:core:1.18.0] AndroidManifest.xml:26:5-97
27-->[androidx.core:core:1.18.0] AndroidManifest.xml:26:22-94
28
29    <application
29-->INJECTED
30        android:name="com.github.enteraname74.soulsearching.App"
30-->[:app] AndroidManifest.xml:18:9-65
31        android:allowBackup="true"
31-->[:app] AndroidManifest.xml:19:9-35
32        android:appComponentFactory="androidx.core.app.CoreComponentFactory"
32-->[androidx.core:core:1.18.0] AndroidManifest.xml:28:18-86
33        android:dataExtractionRules="@xml/data_extraction_rules"
33-->[:app] AndroidManifest.xml:20:9-65
34        android:debuggable="true"
35        android:enableOnBackInvokedCallback="false"
35-->[:app] AndroidManifest.xml:21:9-52
36        android:extractNativeLibs="false"
36-->INJECTED
37        android:fullBackupContent="@xml/backup_rules"
37-->[:app] AndroidManifest.xml:22:9-54
38        android:icon="@mipmap/ic_launcher"
38-->[:app] AndroidManifest.xml:23:9-43
39        android:label="SSDDebug"
39-->INJECTED
40        android:largeHeap="true"
40-->[:app] AndroidManifest.xml:25:9-33
41        android:requestLegacyExternalStorage="true"
41-->[:app] AndroidManifest.xml:26:9-52
42        android:supportsRtl="true"
42-->[:app] AndroidManifest.xml:27:9-35
43        android:testOnly="true"
44        android:theme="@style/Theme.SoulSearching"
44-->[:app] AndroidManifest.xml:28:9-51
45        android:usesCleartextTraffic="true" >
45-->[:app] AndroidManifest.xml:29:9-44
46        <service
46-->[:app] AndroidManifest.xml:31:9-34:34
47            android:name="androidx.work.impl.background.systemjob.SystemJobService"
47-->[:app] AndroidManifest.xml:32:13-84
48            android:directBootAware="false"
48-->[androidx.work:work-runtime:2.11.1] AndroidManifest.xml:41:13-44
49            android:enabled="@bool/enable_system_job_service_default"
49-->[androidx.work:work-runtime:2.11.1] AndroidManifest.xml:42:13-70
50            android:exported="true"
50-->[androidx.work:work-runtime:2.11.1] AndroidManifest.xml:43:13-36
51            android:foregroundServiceType="dataSync"
51-->[:app] AndroidManifest.xml:33:13-53
52            android:permission="android.permission.BIND_JOB_SERVICE" />
52-->[androidx.work:work-runtime:2.11.1] AndroidManifest.xml:44:13-69
53        <service
53-->[:app] AndroidManifest.xml:35:9-38:34
54            android:name="androidx.work.impl.foreground.SystemForegroundService"
54-->[:app] AndroidManifest.xml:36:13-81
55            android:directBootAware="false"
55-->[androidx.work:work-runtime:2.11.1] AndroidManifest.xml:48:13-44
56            android:enabled="@bool/enable_system_foreground_service_default"
56-->[androidx.work:work-runtime:2.11.1] AndroidManifest.xml:49:13-77
57            android:exported="false"
57-->[androidx.work:work-runtime:2.11.1] AndroidManifest.xml:50:13-37
58            android:foregroundServiceType="dataSync" />
58-->[:app] AndroidManifest.xml:37:13-53
59
60        <provider
60-->[:app] AndroidManifest.xml:40:9-49:20
61            android:name="androidx.startup.InitializationProvider"
61-->[:app] AndroidManifest.xml:41:13-67
62            android:authorities="com.github.enteraname74.soulsearching.dev.androidx-startup"
62-->[:app] AndroidManifest.xml:42:13-68
63            android:exported="false" >
63-->[:app] AndroidManifest.xml:43:13-37
64            <meta-data
64-->[androidx.emoji2:emoji2:1.4.0] AndroidManifest.xml:29:13-31:52
65                android:name="androidx.emoji2.text.EmojiCompatInitializer"
65-->[androidx.emoji2:emoji2:1.4.0] AndroidManifest.xml:30:17-75
66                android:value="androidx.startup" />
66-->[androidx.emoji2:emoji2:1.4.0] AndroidManifest.xml:31:17-49
67            <meta-data
67-->[androidx.lifecycle:lifecycle-process:2.10.0] AndroidManifest.xml:29:13-31:52
68                android:name="androidx.lifecycle.ProcessLifecycleInitializer"
68-->[androidx.lifecycle:lifecycle-process:2.10.0] AndroidManifest.xml:30:17-78
69                android:value="androidx.startup" />
69-->[androidx.lifecycle:lifecycle-process:2.10.0] AndroidManifest.xml:31:17-49
70            <meta-data
70-->[io.github.vinceglb:filekit-core-android:0.14.1] AndroidManifest.xml:14:13-16:52
71                android:name="io.github.vinceglb.filekit.initializer.FileKitInitializer"
71-->[io.github.vinceglb:filekit-core-android:0.14.1] AndroidManifest.xml:15:17-89
72                android:value="androidx.startup" />
72-->[io.github.vinceglb:filekit-core-android:0.14.1] AndroidManifest.xml:16:17-49
73            <meta-data
73-->[androidx.profileinstaller:profileinstaller:1.4.1] AndroidManifest.xml:29:13-31:52
74                android:name="androidx.profileinstaller.ProfileInstallerInitializer"
74-->[androidx.profileinstaller:profileinstaller:1.4.1] AndroidManifest.xml:30:17-85
75                android:value="androidx.startup" />
75-->[androidx.profileinstaller:profileinstaller:1.4.1] AndroidManifest.xml:31:17-49
76        </provider>
77
78        <activity
78-->[:app] AndroidManifest.xml:51:9-73:20
79            android:name="com.github.enteraname74.soulsearching.MainActivity"
79-->[:app] AndroidManifest.xml:52:13-78
80            android:enableOnBackInvokedCallback="false"
80-->[:app] AndroidManifest.xml:53:13-56
81            android:exported="true"
81-->[:app] AndroidManifest.xml:54:13-36
82            android:launchMode="singleTask"
82-->[:app] AndroidManifest.xml:55:13-44
83            android:theme="@style/Theme.SoulSearching" >
83-->[:app] AndroidManifest.xml:56:13-55
84            <intent-filter>
84-->[:app] AndroidManifest.xml:57:13-61:29
85                <action android:name="android.intent.action.MAIN" />
85-->[:app] AndroidManifest.xml:58:17-69
85-->[:app] AndroidManifest.xml:58:25-66
86
87                <category android:name="android.intent.category.LAUNCHER" />
87-->[:app] AndroidManifest.xml:60:17-77
87-->[:app] AndroidManifest.xml:60:27-74
88            </intent-filter>
89
90            <!-- Open audio files from file manager apps -->
91            <intent-filter>
91-->[:app] AndroidManifest.xml:64:13-72:29
92                <action android:name="android.intent.action.VIEW" />
92-->[:app] AndroidManifest.xml:65:17-69
92-->[:app] AndroidManifest.xml:65:25-66
93
94                <category android:name="android.intent.category.DEFAULT" />
94-->[:app] AndroidManifest.xml:67:17-76
94-->[:app] AndroidManifest.xml:67:27-73
95
96                <data android:mimeType="audio/*" />
96-->[:app] AndroidManifest.xml:69:17-52
96-->[:app] AndroidManifest.xml:69:23-49
97                <data android:scheme="content" />
97-->[:app] AndroidManifest.xml:69:17-52
98                <data android:scheme="file" />
98-->[:app] AndroidManifest.xml:69:17-52
99            </intent-filter>
100        </activity>
101
102        <service
102-->[:playback] AndroidManifest.xml:12:9-20:19
103            android:name="com.github.enteraname74.soulsearching.features.playback.PlayerLibraryService"
103-->[:playback] AndroidManifest.xml:13:13-104
104            android:exported="true"
104-->[:playback] AndroidManifest.xml:14:13-36
105            android:foregroundServiceType="mediaPlayback" >
105-->[:playback] AndroidManifest.xml:15:13-58
106            <intent-filter>
106-->[:playback] AndroidManifest.xml:16:13-19:29
107                <action android:name="androidx.media3.session.MediaLibraryService" />
107-->[:playback] AndroidManifest.xml:17:17-86
107-->[:playback] AndroidManifest.xml:17:25-83
108                <action android:name="android.media.browse.MediaBrowserService" />
108-->[:playback] AndroidManifest.xml:18:17-83
108-->[:playback] AndroidManifest.xml:18:25-80
109            </intent-filter>
110        </service>
111
112        <meta-data
112-->[:playback] AndroidManifest.xml:22:9-24:61
113            android:name="androidx.car.app.TintableAttributionIcon"
113-->[:playback] AndroidManifest.xml:23:13-68
114            android:resource="@drawable/app_logo_uni_xml" />
114-->[:playback] AndroidManifest.xml:24:13-58
115        <meta-data
115-->[:playback] AndroidManifest.xml:25:9-27:59
116            android:name="com.google.android.gms.car.application"
116-->[:playback] AndroidManifest.xml:26:13-66
117            android:resource="@xml/automotive_app_desc" />
117-->[:playback] AndroidManifest.xml:27:13-56
118
119        <provider
119-->[org.jetbrains.compose.components:components-resources-android:1.11.1] AndroidManifest.xml:8:9-13:20
120            android:name="org.jetbrains.compose.resources.AndroidContextProvider"
120-->[org.jetbrains.compose.components:components-resources-android:1.11.1] AndroidManifest.xml:9:13-82
121            android:authorities="com.github.enteraname74.soulsearching.dev.resources.AndroidContextProvider"
121-->[org.jetbrains.compose.components:components-resources-android:1.11.1] AndroidManifest.xml:10:13-84
122            android:enabled="true"
122-->[org.jetbrains.compose.components:components-resources-android:1.11.1] AndroidManifest.xml:11:13-35
123            android:exported="false" >
123-->[org.jetbrains.compose.components:components-resources-android:1.11.1] AndroidManifest.xml:12:13-37
124        </provider>
125
126        <service
126-->[androidx.room3:room3-runtime-android:3.0.0] AndroidManifest.xml:24:9-28:63
127            android:name="androidx.room3.MultiInstanceInvalidationService"
127-->[androidx.room3:room3-runtime-android:3.0.0] AndroidManifest.xml:25:13-75
128            android:directBootAware="true"
128-->[androidx.room3:room3-runtime-android:3.0.0] AndroidManifest.xml:26:13-43
129            android:exported="false" />
129-->[androidx.room3:room3-runtime-android:3.0.0] AndroidManifest.xml:27:13-37
130
131        <receiver
131-->[androidx.work:work-runtime:2.11.1] AndroidManifest.xml:54:9-59:35
132            android:name="androidx.work.impl.utils.ForceStopRunnable$BroadcastReceiver"
132-->[androidx.work:work-runtime:2.11.1] AndroidManifest.xml:55:13-88
133            android:directBootAware="false"
133-->[androidx.work:work-runtime:2.11.1] AndroidManifest.xml:56:13-44
134            android:enabled="true"
134-->[androidx.work:work-runtime:2.11.1] AndroidManifest.xml:57:13-35
135            android:exported="false" />
135-->[androidx.work:work-runtime:2.11.1] AndroidManifest.xml:58:13-37
136        <receiver
136-->[androidx.work:work-runtime:2.11.1] AndroidManifest.xml:60:9-69:20
137            android:name="androidx.work.impl.background.systemalarm.RescheduleReceiver"
137-->[androidx.work:work-runtime:2.11.1] AndroidManifest.xml:61:13-88
138            android:directBootAware="false"
138-->[androidx.work:work-runtime:2.11.1] AndroidManifest.xml:62:13-44
139            android:enabled="false"
139-->[androidx.work:work-runtime:2.11.1] AndroidManifest.xml:63:13-36
140            android:exported="false" >
140-->[androidx.work:work-runtime:2.11.1] AndroidManifest.xml:64:13-37
141            <intent-filter>
141-->[androidx.work:work-runtime:2.11.1] AndroidManifest.xml:66:13-68:29
142                <action android:name="android.intent.action.BOOT_COMPLETED" />
142-->[androidx.work:work-runtime:2.11.1] AndroidManifest.xml:67:17-79
142-->[androidx.work:work-runtime:2.11.1] AndroidManifest.xml:67:25-76
143            </intent-filter>
144        </receiver>
145        <receiver
145-->[androidx.work:work-runtime:2.11.1] AndroidManifest.xml:70:9-80:20
146            android:name="androidx.work.impl.diagnostics.DiagnosticsReceiver"
146-->[androidx.work:work-runtime:2.11.1] AndroidManifest.xml:71:13-78
147            android:directBootAware="false"
147-->[androidx.work:work-runtime:2.11.1] AndroidManifest.xml:72:13-44
148            android:enabled="true"
148-->[androidx.work:work-runtime:2.11.1] AndroidManifest.xml:73:13-35
149            android:exported="true"
149-->[androidx.work:work-runtime:2.11.1] AndroidManifest.xml:74:13-36
150            android:permission="android.permission.DUMP" >
150-->[androidx.work:work-runtime:2.11.1] AndroidManifest.xml:75:13-57
151            <intent-filter>
151-->[androidx.work:work-runtime:2.11.1] AndroidManifest.xml:77:13-79:29
152                <action android:name="androidx.work.diagnostics.REQUEST_DIAGNOSTICS" />
152-->[androidx.work:work-runtime:2.11.1] AndroidManifest.xml:78:17-88
152-->[androidx.work:work-runtime:2.11.1] AndroidManifest.xml:78:25-85
153            </intent-filter>
154        </receiver>
155
156        <provider
156-->[io.github.vinceglb:filekit-dialogs-android:0.14.1] AndroidManifest.xml:9:9-17:20
157            android:name="io.github.vinceglb.filekit.dialogs.fileprovider.FileKitFileProvider"
157-->[io.github.vinceglb:filekit-dialogs-android:0.14.1] AndroidManifest.xml:10:13-95
158            android:authorities="com.github.enteraname74.soulsearching.dev.FileKitFileProvider"
158-->[io.github.vinceglb:filekit-dialogs-android:0.14.1] AndroidManifest.xml:11:13-71
159            android:exported="false"
159-->[io.github.vinceglb:filekit-dialogs-android:0.14.1] AndroidManifest.xml:12:13-37
160            android:grantUriPermissions="true" >
160-->[io.github.vinceglb:filekit-dialogs-android:0.14.1] AndroidManifest.xml:13:13-47
161            <meta-data
161-->[io.github.vinceglb:filekit-dialogs-android:0.14.1] AndroidManifest.xml:14:13-16:62
162                android:name="android.support.FILE_PROVIDER_PATHS"
162-->[io.github.vinceglb:filekit-dialogs-android:0.14.1] AndroidManifest.xml:15:17-67
163                android:resource="@xml/filekit_file_paths" />
163-->[io.github.vinceglb:filekit-dialogs-android:0.14.1] AndroidManifest.xml:16:17-59
164        </provider> <!-- Trigger Google Play services to install the backported photo picker module. -->
165        <service
165-->[io.github.vinceglb:filekit-dialogs-android:0.14.1] AndroidManifest.xml:20:9-32:19
166            android:name="com.google.android.gms.metadata.ModuleDependencies"
166-->[io.github.vinceglb:filekit-dialogs-android:0.14.1] AndroidManifest.xml:21:13-78
167            android:enabled="false"
167-->[io.github.vinceglb:filekit-dialogs-android:0.14.1] AndroidManifest.xml:22:13-36
168            android:exported="false" >
168-->[io.github.vinceglb:filekit-dialogs-android:0.14.1] AndroidManifest.xml:23:13-37
169            <intent-filter>
169-->[io.github.vinceglb:filekit-dialogs-android:0.14.1] AndroidManifest.xml:25:13-27:29
170                <action android:name="com.google.android.gms.metadata.MODULE_DEPENDENCIES" />
170-->[io.github.vinceglb:filekit-dialogs-android:0.14.1] AndroidManifest.xml:26:17-94
170-->[io.github.vinceglb:filekit-dialogs-android:0.14.1] AndroidManifest.xml:26:25-91
171            </intent-filter>
172
173            <meta-data
173-->[io.github.vinceglb:filekit-dialogs-android:0.14.1] AndroidManifest.xml:29:13-31:36
174                android:name="photopicker_activity:0:required"
174-->[io.github.vinceglb:filekit-dialogs-android:0.14.1] AndroidManifest.xml:30:17-63
175                android:value="" />
175-->[io.github.vinceglb:filekit-dialogs-android:0.14.1] AndroidManifest.xml:31:17-33
176        </service>
177
178        <uses-library
178-->[androidx.window:window:1.5.0] AndroidManifest.xml:23:9-25:40
179            android:name="androidx.window.extensions"
179-->[androidx.window:window:1.5.0] AndroidManifest.xml:24:13-54
180            android:required="false" />
180-->[androidx.window:window:1.5.0] AndroidManifest.xml:25:13-37
181        <uses-library
181-->[androidx.window:window:1.5.0] AndroidManifest.xml:26:9-28:40
182            android:name="androidx.window.sidecar"
182-->[androidx.window:window:1.5.0] AndroidManifest.xml:27:13-51
183            android:required="false" />
183-->[androidx.window:window:1.5.0] AndroidManifest.xml:28:13-37
184
185        <service
185-->[androidx.room:room-runtime-android:2.7.0] AndroidManifest.xml:24:9-28:63
186            android:name="androidx.room.MultiInstanceInvalidationService"
186-->[androidx.room:room-runtime-android:2.7.0] AndroidManifest.xml:25:13-74
187            android:directBootAware="true"
187-->[androidx.room:room-runtime-android:2.7.0] AndroidManifest.xml:26:13-43
188            android:exported="false" />
188-->[androidx.room:room-runtime-android:2.7.0] AndroidManifest.xml:27:13-37
189
190        <receiver
190-->[androidx.profileinstaller:profileinstaller:1.4.1] AndroidManifest.xml:34:9-52:20
191            android:name="androidx.profileinstaller.ProfileInstallReceiver"
191-->[androidx.profileinstaller:profileinstaller:1.4.1] AndroidManifest.xml:35:13-76
192            android:directBootAware="false"
192-->[androidx.profileinstaller:profileinstaller:1.4.1] AndroidManifest.xml:36:13-44
193            android:enabled="true"
193-->[androidx.profileinstaller:profileinstaller:1.4.1] AndroidManifest.xml:37:13-35
194            android:exported="true"
194-->[androidx.profileinstaller:profileinstaller:1.4.1] AndroidManifest.xml:38:13-36
195            android:permission="android.permission.DUMP" >
195-->[androidx.profileinstaller:profileinstaller:1.4.1] AndroidManifest.xml:39:13-57
196            <intent-filter>
196-->[androidx.profileinstaller:profileinstaller:1.4.1] AndroidManifest.xml:40:13-42:29
197                <action android:name="androidx.profileinstaller.action.INSTALL_PROFILE" />
197-->[androidx.profileinstaller:profileinstaller:1.4.1] AndroidManifest.xml:41:17-91
197-->[androidx.profileinstaller:profileinstaller:1.4.1] AndroidManifest.xml:41:25-88
198            </intent-filter>
199            <intent-filter>
199-->[androidx.profileinstaller:profileinstaller:1.4.1] AndroidManifest.xml:43:13-45:29
200                <action android:name="androidx.profileinstaller.action.SKIP_FILE" />
200-->[androidx.profileinstaller:profileinstaller:1.4.1] AndroidManifest.xml:44:17-85
200-->[androidx.profileinstaller:profileinstaller:1.4.1] AndroidManifest.xml:44:25-82
201            </intent-filter>
202            <intent-filter>
202-->[androidx.profileinstaller:profileinstaller:1.4.1] AndroidManifest.xml:46:13-48:29
203                <action android:name="androidx.profileinstaller.action.SAVE_PROFILE" />
203-->[androidx.profileinstaller:profileinstaller:1.4.1] AndroidManifest.xml:47:17-88
203-->[androidx.profileinstaller:profileinstaller:1.4.1] AndroidManifest.xml:47:25-85
204            </intent-filter>
205            <intent-filter>
205-->[androidx.profileinstaller:profileinstaller:1.4.1] AndroidManifest.xml:49:13-51:29
206                <action android:name="androidx.profileinstaller.action.BENCHMARK_OPERATION" />
206-->[androidx.profileinstaller:profileinstaller:1.4.1] AndroidManifest.xml:50:17-95
206-->[androidx.profileinstaller:profileinstaller:1.4.1] AndroidManifest.xml:50:25-92
207            </intent-filter>
208        </receiver>
209    </application>
210
211</manifest>